<?xml version="1.0" encoding="UTF-8"?>
<!-- Generated by org.testng.reporters.JUnitXMLReporter -->
<testsuite hostname="DESKTOP-JCJ8HOK" ignored="2" name="Create New Booking Test - pay@online" tests="6" failures="0" timestamp="06 Dec 2022 14:27:41 GMT" time="0.069" errors="0">
  <testcase name="loadBooking" time="0.003" classname="testcases.Booking"/>
  <testcase name="cancelBooking" time="0.004" classname="testcases.Booking"/>
  <testcase name="applyDiscount" time="0.004" classname="testcases.PaymentManager"/>
  <testcase name="makePayment" time="0.006" classname="testcases.PaymentManager"/>
  <testcase name="checkEmailVerification" time="0.007" classname="testcases.CustomerCommunication"/>
  <testcase name="checkMobileVerification" time="0.011" classname="testcases.CustomerCommunication"/>
  <testcase name="typeOfRoom" time="0.0" classname="testcases.Booking">
    <ignored/>
  </testcase> <!-- typeOfRoom -->
  <testcase name="createBooking" time="0.0" classname="testcases.Booking">
    <ignored/>
  </testcase> <!-- createBooking -->
</testsuite> <!-- Create New Booking Test - pay@online -->
