<?xml version="1.0" encoding="UTF-8"?>
<!-- Generated by org.testng.reporters.JUnitXMLReporter -->
<testsuite hostname="DESKTOP-JCJ8HOK" ignored="2" name="Create New Booking Test - pay@hotel" tests="6" failures="0" timestamp="06 Dec 2022 14:27:41 GMT" time="0.106" errors="0">
  <testcase name="createBooking" time="0.016" classname="testcases.Booking"/>
  <testcase name="typeOfRoom" time="0.008" classname="testcases.Booking"/>
  <testcase name="applyDiscount" time="0.002" classname="testcases.PaymentManager"/>
  <testcase name="makePayment" time="0.003" classname="testcases.PaymentManager"/>
  <testcase name="checkEmailVerification" time="0.002" classname="testcases.CustomerCommunication"/>
  <testcase name="checkMobileVerification" time="0.005" classname="testcases.CustomerCommunication"/>
  <testcase name="cancelBooking" time="0.0" classname="testcases.Booking">
    <ignored/>
  </testcase> <!-- cancelBooking -->
  <testcase name="loadBooking" time="0.0" classname="testcases.Booking">
    <ignored/>
  </testcase> <!-- loadBooking -->
</testsuite> <!-- Create New Booking Test - pay@hotel -->
