<?xml version="1.0" encoding="UTF-8"?>
<!-- Generated by org.testng.reporters.JUnitXMLReporter -->
<testsuite hostname="DESKTOP-JCJ8HOK" ignored="0" name="Test" tests="8" failures="0" timestamp="06 Dec 2022 14:00:39 GMT" time="0.201" errors="0">
  <testcase name="cancelBooking" time="0.03" classname="testcases.Booking"/>
  <testcase name="createBooking" time="0.012" classname="testcases.Booking"/>
  <testcase name="loadBooking" time="0.009" classname="testcases.Booking"/>
  <testcase name="typeOfRoom" time="0.005" classname="testcases.Booking"/>
  <testcase name="applyDiscount" time="0.002" classname="testcases.PaymentManager"/>
  <testcase name="makePayment" time="0.005" classname="testcases.PaymentManager"/>
  <testcase name="checkEmailVerification" time="0.008" classname="testcases.CustomerCommunication"/>
  <testcase name="checkMobileVerification" time="0.005" classname="testcases.CustomerCommunication"/>
</testsuite> <!-- Test -->
