<?xml version="1.0" encoding="UTF-8"?>
<!-- Generated by org.testng.reporters.JUnitXMLReporter -->
<testsuite hostname="DESKTOP-JCJ8HOK" ignored="0" name="Default test" tests="4" failures="0" timestamp="28 Nov 2022 14:26:38 GMT" time="0.123" errors="0">
  <testcase name="orange" time="0.035" classname="testng.TestDependency"/>
  <testcase name="white" time="0.002" classname="testng.TestDependency"/>
  <testcase name="blue" time="0.008" classname="testng.TestDependency">
    <skipped/>
  </testcase> <!-- blue -->
  <testcase name="green" time="0.0" classname="testng.TestDependency">
    <skipped/>
  </testcase> <!-- green -->
</testsuite> <!-- Default test -->
