<?xml version="1.0" encoding="UTF-8"?>
<!-- Generated by org.testng.reporters.JUnitXMLReporter -->
<testsuite hostname="DESKTOP-JCJ8HOK" ignored="0" name="Default test" tests="2" failures="0" timestamp="23 Dec 2022 14:12:23 GMT" time="1.547" errors="0">
  <testcase name="f" time="0.02" classname="excelDataDriven.DataManagementFinalVersion"/>
  <testcase name="f" time="0.01" classname="excelDataDriven.DataManagementFinalVersion">
    <skipped/>
  </testcase> <!-- f -->
</testsuite> <!-- Default test -->
