<?xml version="1.0" encoding="UTF-8"?>
<!-- Generated by org.testng.reporters.JUnitXMLReporter -->
<testsuite hostname="DESKTOP-JCJ8HOK" ignored="0" name="AutomationTest" tests="4" failures="0" timestamp="22 Nov 2022 14:12:58 GMT" time="50.591" errors="0">
  <testcase name="radioButtonTest" time="1.66" classname="testng.RadioButton1"/>
  <testcase name="amazon" time="6.811" classname="testng.TNG_002"/>
  <testcase name="checkboxTest" time="0.436" classname="testng.CheckBox1"/>
  <testcase name="linktesting1" time="0.945" classname="testng.LinksTesting1"/>
</testsuite> <!-- AutomationTest -->
